This is pdfTeX, Version 3.14159265-2.6-1.40.20 (TeX Live 2019) (preloaded format=latex 2019.5.25)  23 JUN 2020 18:03
entering extended mode
 restricted \write18 enabled.
 %&-line parsing enabled.
**TitulBak.tex
(./TitulBak.tex
LaTeX2e <2018-12-01>

! LaTeX Error: Environment singlespacing undefined.

See the LaTeX manual or LaTeX Companion for explanation.
Type  H <return>  for immediate help.
 ...                                              
                                                  
l.11 \begin{singlespacing}
                          
Your command was ignored.
Type  I <command> <return>  to replace it with another command,
or  <return>  to continue without it.


! LaTeX Error: Missing \begin{document}.

See the LaTeX manual or LaTeX Companion for explanation.
Type  H <return>  for immediate help.
 ...                                              
                                                  
l.12 \begin{center}
                   
You're in trouble here.  Try typing  <return>  to proceed.
If that doesn't work, type  X <return>  to quit.


Overfull \hbox (20.0pt too wide) in paragraph at lines 12--12
[] 
 []


! Package inputenc Error: Unicode character –ú (U+041C)
(inputenc)                not set up for use with LaTeX.

See the inputenc package documentation for explanation.
Type  H <return>  for immediate help.
 ...                                              
                                                  
l.14 –ú
       –ò–ù–û–ë–†–ù–ê–£–ö–ò –†–û–°–°–ò–ò\\ [12pt]
You may provide a definition with
\DeclareUnicodeCharacter 


! Package inputenc Error: Unicode character –ò (U+0418)
(inputenc)                not set up for use with LaTeX.

See the inputenc package documentation for explanation.
Type  H <return>  for immediate help.
 ...                                              
                                                  
l.14 –ú–ò
         –ù–û–ë–†–ù–ê–£–ö–ò –†–û–°–°–ò–ò\\ [12pt]
You may provide a definition with
\DeclareUnicodeCharacter 


! Package inputenc Error: Unicode character –ù (U+041D)
(inputenc)                not set up for use with LaTeX.

See the inputenc package documentation for explanation.
Type  H <return>  for immediate help.
 ...                                              
                                                  
l.14 –ú–ò–ù
           –û–ë–†–ù–ê–£–ö–ò –†–û–°–°–ò–ò\\ [12pt]
You may provide a definition with
\DeclareUnicodeCharacter 


! Package inputenc Error: Unicode character –û (U+041E)
(inputenc)                not set up for use with LaTeX.

See the inputenc package documentation for explanation.
Type  H <return>  for immediate help.
 ...                                              
                                                  
l.14 –ú–ò–ù–û
             –ë–†–ù–ê–£–ö–ò –†–û–°–°–ò–ò\\ [12pt]
You may provide a definition with
\DeclareUnicodeCharacter 


! Package inputenc Error: Unicode character –ë (U+0411)
(inputenc)                not set up for use with LaTeX.

See the inputenc package documentation for explanation.
Type  H <return>  for immediate help.
 ...                                              
                                                  
l.14 –ú–ò–ù–û–ë
               –†–ù–ê–£–ö–ò –†–û–°–°–ò–ò\\ [12pt]
You may provide a definition with
\DeclareUnicodeCharacter 


! Package inputenc Error: Unicode character –† (U+0420)
(inputenc)                not set up for use with LaTeX.

See the inputenc package documentation for explanation.
Type  H <return>  for immediate help.
 ...                                              
                                                  
l.14 –ú–ò–ù–û–ë–†
                 –ù–ê–£–ö–ò –†–û–°–°–ò–ò\\ [12pt]
You may provide a definition with
\DeclareUnicodeCharacter 


! Package inputenc Error: Unicode character –ù (U+041D)
(inputenc)                not set up for use with LaTeX.

See the inputenc package documentation for explanation.
Type  H <return>  for immediate help.
 ...                                              
                                                  
l.14 –ú–ò–ù–û–ë–†–ù
                   –ê–£–ö–ò –†–û–°–°–ò–ò\\ [12pt]
You may provide a definition with
\DeclareUnicodeCharacter 


! Package inputenc Error: Unicode character –ê (U+0410)
(inputenc)                not set up for use with LaTeX.

See the inputenc package documentation for explanation.
Type  H <return>  for immediate help.
 ...                                              
                                                  
l.14 –ú–ò–ù–û–ë–†–ù–ê
                     –£–ö–ò –†–û–°–°–ò–ò\\ [12pt]
You may provide a definition with
\DeclareUnicodeCharacter 


! Package inputenc Error: Unicode character –£ (U+0423)
(inputenc)                not set up for use with LaTeX.

See the inputenc package documentation for explanation.
Type  H <return>  for immediate help.
 ...                                              
                                                  
l.14 –ú–ò–ù–û–ë–†–ù–ê–£
                       –ö–ò –†–û–°–°–ò–ò\\ [12pt]
You may provide a definition with
\DeclareUnicodeCharacter 


! Package inputenc Error: Unicode character –ö (U+041A)
(inputenc)                not set up for use with LaTeX.

See the inputenc package documentation for explanation.
Type  H <return>  for immediate help.
 ...                                              
                                                  
l.14 –ú–ò–ù–û–ë–†–ù–ê–£–ö
                         –ò –†–û–°–°–ò–ò\\ [12pt]
You may provide a definition with
\DeclareUnicodeCharacter 


! Package inputenc Error: Unicode character –ò (U+0418)
(inputenc)                not set up for use with LaTeX.

See the inputenc package documentation for explanation.
Type  H <return>  for immediate help.
 ...                                              
                                                  
l.14 –ú–ò–ù–û–ë–†–ù–ê–£–ö–ò
                            –†–û–°–°–ò–ò\\ [12pt]
You may provide a definition with
\DeclareUnicodeCharacter 


! Package inputenc Error: Unicode character –† (U+0420)
(inputenc)                not set up for use with LaTeX.

See the inputenc package documentation for explanation.
Type  H <return>  for immediate help.
 ...                                              
                                                  
l.14 –ú–ò–ù–û–ë–†–ù–ê–£–ö–ò –†
                              –û–°–°–ò–ò\\ [12pt]
You may provide a definition with
\DeclareUnicodeCharacter 


! Package inputenc Error: Unicode character –û (U+041E)
(inputenc)                not set up for use with LaTeX.

See the inputenc package documentation for explanation.
Type  H <return>  for immediate help.
 ...                                              
                                                  
l.14 –ú–ò–ù–û–ë–†–ù–ê–£–ö–ò –†–û
                                –°–°–ò–ò\\ [12pt]
You may provide a definition with
\DeclareUnicodeCharacter 


! Package inputenc Error: Unicode character –° (U+0421)
(inputenc)                not set up for use with LaTeX.

See the inputenc package documentation for explanation.
Type  H <return>  for immediate help.
 ...                                              
                                                  
l.14 –ú–ò–ù–û–ë–†–ù–ê–£–ö–ò –†–û–°
                                  –°–ò–ò\\ [12pt]
You may provide a definition with
\DeclareUnicodeCharacter 


! Package inputenc Error: Unicode character –° (U+0421)
(inputenc)                not set up for use with LaTeX.

See the inputenc package documentation for explanation.
Type  H <return>  for immediate help.
 ...                                              
                                                  
l.14 –ú–ò–ù–û–ë–†–ù–ê–£–ö–ò –†–û–°–°
                                    –ò–ò\\ [12pt]
You may provide a definition with
\DeclareUnicodeCharacter 


! Package inputenc Error: Unicode character –ò (U+0418)
(inputenc)                not set up for use with LaTeX.

See the inputenc package documentation for explanation.
Type  H <return>  for immediate help.
 ...                                              
                                                  
l.14 –ú–ò–ù–û–ë–†–ù–ê–£–ö–ò –†–û–°–°–ò
                                      –ò\\ [12pt]
You may provide a definition with
\DeclareUnicodeCharacter 


! Package inputenc Error: Unicode character –ò (U+0418)
(inputenc)                not set up for use with LaTeX.

See the inputenc package documentation for explanation.
Type  H <return>  for immediate help.
 ...                                              
                                                  
l.14 –ú–ò–ù–û–ë–†–ù–ê–£–ö–ò –†–û–°–°–ò–ò
                                        \\ [12pt]
You may provide a definition with
\DeclareUnicodeCharacter 


! LaTeX Error: There's no line here to end.

See the LaTeX manual or LaTeX Companion for explanation.
Type  H <return>  for immediate help.
 ...                                              
                                                  
l.14 –ú–ò–ù–û–ë–†–ù–ê–£–ö–ò –†–û–°–°–ò–ò\\
                                           [12pt]
Your command was ignored.
Type  I <command> <return>  to replace it with another command,
or  <return>  to continue without it.


! Package inputenc Error: Unicode character –§ (U+0424)
(inputenc)                not set up for use with LaTeX.

See the inputenc package documentation for explanation.
Type  H <return>  for immediate help.
 ...                                              
                                                  
l.15 –§
       –µ–¥–µ—Ä–∞–ª—å–Ω–æ–µ –≥–æ—Å—É–¥–∞—Ä—Å—Ç–≤–µ–Ω–Ω–æ–µ –∞–≤—Ç–æ–Ω–æ–º–Ω–...

You may provide a definition with
\DeclareUnicodeCharacter 


! Package inputenc Error: Unicode character –µ (U+0435)
(inputenc)                not set up for use with LaTeX.

See the inputenc package documentation for explanation.
Type  H <return>  for immediate help.
 ...                                              
                                                  
l.15 –§–µ
         –¥–µ—Ä–∞–ª—å–Ω–æ–µ –≥–æ—Å—É–¥–∞—Ä—Å—Ç–≤–µ–Ω–Ω–æ–µ –∞–≤—Ç–æ–Ω–æ–º–Ω–...

You may provide a definition with
\DeclareUnicodeCharacter 


! Package inputenc Error: Unicode character –¥ (U+0434)
(inputenc)                not set up for use with LaTeX.

See the inputenc package documentation for explanation.
Type  H <return>  for immediate help.
 ...                                              
                                                  
l.15 –§–µ–¥
           –µ—Ä–∞–ª—å–Ω–æ–µ –≥–æ—Å—É–¥–∞—Ä—Å—Ç–≤–µ–Ω–Ω–æ–µ –∞–≤—Ç–æ–Ω–æ–º–Ω–...

You may provide a definition with
\DeclareUnicodeCharacter 


! Package inputenc Error: Unicode character –µ (U+0435)
(inputenc)                not set up for use with LaTeX.

See the inputenc package documentation for explanation.
Type  H <return>  for immediate help.
 ...                                              
                                                  
l.15 –§–µ–¥–µ
             —Ä–∞–ª—å–Ω–æ–µ –≥–æ—Å—É–¥–∞—Ä—Å—Ç–≤–µ–Ω–Ω–æ–µ –∞–≤—Ç–æ–Ω–æ–º–Ω–...

You may provide a definition with
\DeclareUnicodeCharacter 


! Package inputenc Error: Unicode character —Ä (U+0440)
(inputenc)                not set up for use with LaTeX.

See the inputenc package documentation for explanation.
Type  H <return>  for immediate help.
 ...                                              
                                                  
l.15 –§–µ–¥–µ—Ä
               –∞–ª—å–Ω–æ–µ –≥–æ—Å—É–¥–∞—Ä—Å—Ç–≤–µ–Ω–Ω–æ–µ –∞–≤—Ç–æ–Ω–æ–º–Ω–...

You may provide a definition with
\DeclareUnicodeCharacter 


! Package inputenc Error: Unicode character –∞ (U+0430)
(inputenc)                not set up for use with LaTeX.

See the inputenc package documentation for explanation.
Type  H <return>  for immediate help.
 ...                                              
                                                  
l.15 –§–µ–¥–µ—Ä–∞
                 –ª—å–Ω–æ–µ –≥–æ—Å—É–¥–∞—Ä—Å—Ç–≤–µ–Ω–Ω–æ–µ –∞–≤—Ç–æ–Ω–æ–º–Ω–...

You may provide a definition with
\DeclareUnicodeCharacter 


! Package inputenc Error: Unicode character –ª (U+043B)
(inputenc)                not set up for use with LaTeX.

See the inputenc package documentation for explanation.
Type  H <return>  for immediate help.
 ...                                              
                                                  
l.15 –§–µ–¥–µ—Ä–∞–ª
                   —å–Ω–æ–µ –≥–æ—Å—É–¥–∞—Ä—Å—Ç–≤–µ–Ω–Ω–æ–µ –∞–≤—Ç–æ–Ω–æ–º–Ω–...

You may provide a definition with
\DeclareUnicodeCharacter 


! Package inputenc Error: Unicode character —å (U+044C)
(inputenc)                not set up for use with LaTeX.

See the inputenc package documentation for explanation.
Type  H <return>  for immediate help.
 ...                                              
                                                  
l.15 –§–µ–¥–µ—Ä–∞–ª—å
                     –Ω–æ–µ –≥–æ—Å—É–¥–∞—Ä—Å—Ç–≤–µ–Ω–Ω–æ–µ –∞–≤—Ç–æ–Ω–æ–º–Ω–...

You may provide a definition with
\DeclareUnicodeCharacter 


! Package inputenc Error: Unicode character –Ω (U+043D)
(inputenc)                not set up for use with LaTeX.

See the inputenc package documentation for explanation.
Type  H <return>  for immediate help.
 ...                                              
                                                  
l.15 –§–µ–¥–µ—Ä–∞–ª—å–Ω
                       –æ–µ –≥–æ—Å—É–¥–∞—Ä—Å—Ç–≤–µ–Ω–Ω–æ–µ –∞–≤—Ç–æ–Ω–æ–º–Ω–...

You may provide a definition with
\DeclareUnicodeCharacter 


! Package inputenc Error: Unicode character –æ (U+043E)
(inputenc)                not set up for use with LaTeX.

See the inputenc package documentation for explanation.
Type  H <return>  for immediate help.
 ...                                              
                                                  
l.15 –§–µ–¥–µ—Ä–∞–ª—å–Ω–æ
                         –µ –≥–æ—Å—É–¥–∞—Ä—Å—Ç–≤–µ–Ω–Ω–æ–µ –∞–≤—Ç–æ–Ω–æ–º–Ω–...

You may provide a definition with
\DeclareUnicodeCharacter 


! Package inputenc Error: Unicode character –µ (U+0435)
(inputenc)                not set up for use with LaTeX.

See the inputenc package documentation for explanation.
Type  H <return>  for immediate help.
 ...                                              
                                                  
l.15 –§–µ–¥–µ—Ä–∞–ª—å–Ω–æ–µ
                            –≥–æ—Å—É–¥–∞—Ä—Å—Ç–≤–µ–Ω–Ω–æ–µ –∞–≤—Ç–æ–Ω–æ–º–Ω–...

You may provide a definition with
\DeclareUnicodeCharacter 


! Package inputenc Error: Unicode character –≥ (U+0433)
(inputenc)                not set up for use with LaTeX.

See the inputenc package documentation for explanation.
Type  H <return>  for immediate help.
 ...                                              
                                                  
l.15 –§–µ–¥–µ—Ä–∞–ª—å–Ω–æ–µ –≥
                              –æ—Å—É–¥–∞—Ä—Å—Ç–≤–µ–Ω–Ω–æ–µ –∞–≤—Ç–æ–Ω–æ–º–Ω–...

You may provide a definition with
\DeclareUnicodeCharacter 


! Package inputenc Error: Unicode character –æ (U+043E)
(inputenc)                not set up for use with LaTeX.

See the inputenc package documentation for explanation.
Type  H <return>  for immediate help.
 ...                                              
                                                  
l.15 –§–µ–¥–µ—Ä–∞–ª—å–Ω–æ–µ –≥–æ
                                —Å—É–¥–∞—Ä—Å—Ç–≤–µ–Ω–Ω–æ–µ –∞–≤—Ç–æ–Ω–æ–º–Ω–...

You may provide a definition with
\DeclareUnicodeCharacter 


! Package inputenc Error: Unicode character —Å (U+0441)
(inputenc)                not set up for use with LaTeX.

See the inputenc package documentation for explanation.
Type  H <return>  for immediate help.
 ...                                              
                                                  
l.15 –§–µ–¥–µ—Ä–∞–ª—å–Ω–æ–µ –≥–æ—Å
                                  —É–¥–∞—Ä—Å—Ç–≤–µ–Ω–Ω–æ–µ –∞–≤—Ç–æ–Ω–æ–º–Ω–...

You may provide a definition with
\DeclareUnicodeCharacter 


! Package inputenc Error: Unicode character —É (U+0443)
(inputenc)                not set up for use with LaTeX.

See the inputenc package documentation for explanation.
Type  H <return>  for immediate help.
 ...                                              
                                                  
l.15 –§–µ–¥–µ—Ä–∞–ª—å–Ω–æ–µ –≥–æ—Å—É
                                    –¥–∞—Ä—Å—Ç–≤–µ–Ω–Ω–æ–µ –∞–≤—Ç–æ–Ω–æ–º–Ω–...

You may provide a definition with
\DeclareUnicodeCharacter 


! Package inputenc Error: Unicode character –¥ (U+0434)
(inputenc)                not set up for use with LaTeX.

See the inputenc package documentation for explanation.
Type  H <return>  for immediate help.
 ...                                              
                                                  
l.15 –§–µ–¥–µ—Ä–∞–ª—å–Ω–æ–µ –≥–æ—Å—É–¥
                                      –∞—Ä—Å—Ç–≤–µ–Ω–Ω–æ–µ –∞–≤—Ç–æ–Ω–æ–º–Ω–...

You may provide a definition with
\DeclareUnicodeCharacter 


! Package inputenc Error: Unicode character –∞ (U+0430)
(inputenc)                not set up for use with LaTeX.

See the inputenc package documentation for explanation.
Type  H <return>  for immediate help.
 ...                                              
                                                  
l.15 –§–µ–¥–µ—Ä–∞–ª—å–Ω–æ–µ –≥–æ—Å—É–¥–∞
                                        —Ä—Å—Ç–≤–µ–Ω–Ω–æ–µ –∞–≤—Ç–æ–Ω–æ–º–Ω–...

You may provide a definition with
\DeclareUnicodeCharacter 


! Package inputenc Error: Unicode character —Ä (U+0440)
(inputenc)                not set up for use with LaTeX.

See the inputenc package documentation for explanation.
Type  H <return>  for immediate help.
 ...                                              
                                                  
l.15 –§–µ–¥–µ—Ä–∞–ª—å–Ω–æ–µ –≥–æ—Å—É–¥–∞—Ä
                                          —Å—Ç–≤–µ–Ω–Ω–æ–µ –∞–≤—Ç–æ–Ω–æ–º–Ω–...

You may provide a definition with
\DeclareUnicodeCharacter 


! Package inputenc Error: Unicode character —Å (U+0441)
(inputenc)                not set up for use with LaTeX.

See the inputenc package documentation for explanation.
Type  H <return>  for immediate help.
 ...                                              
                                                  
l.15 –§–µ–¥–µ—Ä–∞–ª—å–Ω–æ–µ –≥–æ—Å—É–¥–∞—Ä—Å
                                            —Ç–≤–µ–Ω–Ω–æ–µ –∞–≤—Ç–æ–Ω–æ–º–Ω–...

You may provide a definition with
\DeclareUnicodeCharacter 


! Package inputenc Error: Unicode character —Ç (U+0442)
(inputenc)                not set up for use with LaTeX.

See the inputenc package documentation for explanation.
Type  H <return>  for immediate help.
 ...                                              
                                                  
l.15 –§–µ–¥–µ—Ä–∞–ª—å–Ω–æ–µ –≥–æ—Å—É–¥–∞—Ä—Å—Ç
                                              –≤–µ–Ω–Ω–æ–µ –∞–≤—Ç–æ–Ω–æ–º–Ω–...

You may provide a definition with
\DeclareUnicodeCharacter 


! Package inputenc Error: Unicode character –≤ (U+0432)
(inputenc)                not set up for use with LaTeX.

See the inputenc package documentation for explanation.
Type  H <return>  for immediate help.
 ...                                              
                                                  
l.15 –§–µ–¥–µ—Ä–∞–ª—å–Ω–æ–µ –≥–æ—Å—É–¥–∞—Ä—Å—Ç–≤
                                                –µ–Ω–Ω–æ–µ –∞–≤—Ç–æ–Ω–æ–º–Ω–...

You may provide a definition with
\DeclareUnicodeCharacter 


! Package inputenc Error: Unicode character –µ (U+0435)
(inputenc)                not set up for use with LaTeX.

See the inputenc package documentation for explanation.
Type  H <return>  for immediate help.
 ...                                              
                                                  
l.15 –§–µ–¥–µ—Ä–∞–ª—å–Ω–æ–µ –≥–æ—Å—É–¥–∞—Ä—Å—Ç–≤–µ
                                                  –Ω–Ω–æ–µ –∞–≤—Ç–æ–Ω–æ–º–Ω–...

You may provide a definition with
\DeclareUnicodeCharacter 


! Package inputenc Error: Unicode character –Ω (U+043D)
(inputenc)                not set up for use with LaTeX.

See the inputenc package documentation for explanation.
Type  H <return>  for immediate help.
 ...                                              
                                                  
l.15 ...¥–µ—Ä–∞–ª—å–Ω–æ–µ –≥–æ—Å—É–¥–∞—Ä—Å—Ç–≤–µ–Ω
                                                  –Ω–æ–µ –∞–≤—Ç–æ–Ω–æ–º–Ω–æ–...

You may provide a definition with
\DeclareUnicodeCharacter 


! Package inputenc Error: Unicode character –Ω (U+043D)
(inputenc)                not set up for use with LaTeX.

See the inputenc package documentation for explanation.
Type  H <return>  for immediate help.
 ...                                              
                                                  
l.15 ...µ—Ä–∞–ª—å–Ω–æ–µ –≥–æ—Å—É–¥–∞—Ä—Å—Ç–≤–µ–Ω–Ω
                                                  –æ–µ –∞–≤—Ç–æ–Ω–æ–º–Ω–æ–µ ...

You may provide a definition with
\DeclareUnicodeCharacter 


! Package inputenc Error: Unicode character –æ (U+043E)
(inputenc)                not set up for use with LaTeX.

See the inputenc package documentation for explanation.
Type  H <return>  for immediate help.
 ...                                              
                                                  
l.15 ...Ä–∞–ª—å–Ω–æ–µ –≥–æ—Å—É–¥–∞—Ä—Å—Ç–≤–µ–Ω–Ω–æ
                                                  –µ –∞–≤—Ç–æ–Ω–æ–º–Ω–æ–µ –æ...

You may provide a definition with
\DeclareUnicodeCharacter 


! Package inputenc Error: Unicode character –µ (U+0435)
(inputenc)                not set up for use with LaTeX.

See the inputenc package documentation for explanation.
Type  H <return>  for immediate help.
 ...                                              
                                                  
l.15 ...∞–ª—å–Ω–æ–µ –≥–æ—Å—É–¥–∞—Ä—Å—Ç–≤–µ–Ω–Ω–æ–µ
                                                   –∞–≤—Ç–æ–Ω–æ–º–Ω–æ–µ –æ–±...

You may provide a definition with
\DeclareUnicodeCharacter 


! Package inputenc Error: Unicode character –∞ (U+0430)
(inputenc)                not set up for use with LaTeX.

See the inputenc package documentation for explanation.
Type  H <return>  for immediate help.
 ...                                              
                                                  
l.15 ...—å–Ω–æ–µ –≥–æ—Å—É–¥–∞—Ä—Å—Ç–≤–µ–Ω–Ω–æ–µ –∞
                                                  –≤—Ç–æ–Ω–æ–º–Ω–æ–µ –æ–±—Ä–...

You may provide a definition with
\DeclareUnicodeCharacter 


! Package inputenc Error: Unicode character –≤ (U+0432)
(inputenc)                not set up for use with LaTeX.

See the inputenc package documentation for explanation.
Type  H <return>  for immediate help.
 ...                                              
                                                  
l.15 ...–Ω–æ–µ –≥–æ—Å—É–¥–∞—Ä—Å—Ç–≤–µ–Ω–Ω–æ–µ –∞–≤
                                                  —Ç–æ–Ω–æ–º–Ω–æ–µ –æ–±—Ä–∞–...

You may provide a definition with
\DeclareUnicodeCharacter 


! Package inputenc Error: Unicode character —Ç (U+0442)
(inputenc)                not set up for use with LaTeX.

See the inputenc package documentation for explanation.
Type  H <return>  for immediate help.
 ...                                              
                                                  
l.15 ...–æ–µ –≥–æ—Å—É–¥–∞—Ä—Å—Ç–≤–µ–Ω–Ω–æ–µ –∞–≤—Ç
                                                  –æ–Ω–æ–º–Ω–æ–µ –æ–±—Ä–∞–∑–...

You may provide a definition with
\DeclareUnicodeCharacter 


! Package inputenc Error: Unicode character –æ (U+043E)
(inputenc)                not set up for use with LaTeX.

See the inputenc package documentation for explanation.
Type  H <return>  for immediate help.
 ...                                              
                                                  
l.15 ...–µ –≥–æ—Å—É–¥–∞—Ä—Å—Ç–≤–µ–Ω–Ω–æ–µ –∞–≤—Ç–æ
                                                  –Ω–æ–º–Ω–æ–µ –æ–±—Ä–∞–∑–æ–...

You may provide a definition with
\DeclareUnicodeCharacter 


! Package inputenc Error: Unicode character –Ω (U+043D)
(inputenc)                not set up for use with LaTeX.

See the inputenc package documentation for explanation.
Type  H <return>  for immediate help.
 ...                                              
                                                  
l.15 ... –≥–æ—Å—É–¥–∞—Ä—Å—Ç–≤–µ–Ω–Ω–æ–µ –∞–≤—Ç–æ–Ω
                                                  –æ–º–Ω–æ–µ –æ–±—Ä–∞–∑–æ–≤–...

You may provide a definition with
\DeclareUnicodeCharacter 


! Package inputenc Error: Unicode character –æ (U+043E)
(inputenc)                not set up for use with LaTeX.

See the inputenc package documentation for explanation.
Type  H <return>  for immediate help.
 ...                                              
                                                  
l.15 ...≥–æ—Å—É–¥–∞—Ä—Å—Ç–≤–µ–Ω–Ω–æ–µ –∞–≤—Ç–æ–Ω–æ
                                                  –º–Ω–æ–µ –æ–±—Ä–∞–∑–æ–≤–∞—...

You may provide a definition with
\DeclareUnicodeCharacter 


! Package inputenc Error: Unicode character –º (U+043C)
(inputenc)                not set up for use with LaTeX.

See the inputenc package documentation for explanation.
Type  H <return>  for immediate help.
 ...                                              
                                                  
l.15 ...æ—Å—É–¥–∞—Ä—Å—Ç–≤–µ–Ω–Ω–æ–µ –∞–≤—Ç–æ–Ω–æ–º
                                                  –Ω–æ–µ –æ–±—Ä–∞–∑–æ–≤–∞—Ç–...

You may provide a definition with
\DeclareUnicodeCharacter 


! Package inputenc Error: Unicode character –Ω (U+043D)
(inputenc)                not set up for use with LaTeX.

See the inputenc package documentation for explanation.
Type  H <return>  for immediate help.
 ...                                              
                                                  
l.15 ...Å—É–¥–∞—Ä—Å—Ç–≤–µ–Ω–Ω–æ–µ –∞–≤—Ç–æ–Ω–æ–º–Ω
                                                  –æ–µ –æ–±—Ä–∞–∑–æ–≤–∞—Ç–µ–...

You may provide a definition with
\DeclareUnicodeCharacter 


! Package inputenc Error: Unicode character –æ (U+043E)
(inputenc)                not set up for use with LaTeX.

See the inputenc package documentation for explanation.
Type  H <return>  for immediate help.
 ...                                              
                                                  
l.15 ...É–¥–∞—Ä—Å—Ç–≤–µ–Ω–Ω–æ–µ –∞–≤—Ç–æ–Ω–æ–º–Ω–æ
                                                  –µ –æ–±—Ä–∞–∑–æ–≤–∞—Ç–µ–ª—...

You may provide a definition with
\DeclareUnicodeCharacter 


! Package inputenc Error: Unicode character –µ (U+0435)
(inputenc)                not set up for use with LaTeX.

See the inputenc package documentation for explanation.
Type  H <return>  for immediate help.
 ...                                              
                                                  
l.15 ...¥–∞—Ä—Å—Ç–≤–µ–Ω–Ω–æ–µ –∞–≤—Ç–æ–Ω–æ–º–Ω–æ–µ
                                                   –æ–±—Ä–∞–∑–æ–≤–∞—Ç–µ–ª—å–...

You may provide a definition with
\DeclareUnicodeCharacter 


! Package inputenc Error: Unicode character –æ (U+043E)
(inputenc)                not set up for use with LaTeX.

See the inputenc package documentation for explanation.
Type  H <return>  for immediate help.
 ...                                              
                                                  
l.15 ...—Ä—Å—Ç–≤–µ–Ω–Ω–æ–µ –∞–≤—Ç–æ–Ω–æ–º–Ω–æ–µ –æ
                                                  –±—Ä–∞–∑–æ–≤–∞—Ç–µ–ª—å–Ω–æ...

You may provide a definition with
\DeclareUnicodeCharacter 


! Package inputenc Error: Unicode character –± (U+0431)
(inputenc)                not set up for use with LaTeX.

See the inputenc package documentation for explanation.
Type  H <return>  for immediate help.
 ...                                              
                                                  
l.15 ...—Å—Ç–≤–µ–Ω–Ω–æ–µ –∞–≤—Ç–æ–Ω–æ–º–Ω–æ–µ –æ–±
                                                  —Ä–∞–∑–æ–≤–∞—Ç–µ–ª—å–Ω–æ–µ\\
You may provide a definition with
\DeclareUnicodeCharacter 


! Package inputenc Error: Unicode character —Ä (U+0440)
(inputenc)                not set up for use with LaTeX.

See the inputenc package documentation for explanation.
Type  H <return>  for immediate help.
 ...                                              
                                                  
l.15 ...—Ç–≤–µ–Ω–Ω–æ–µ –∞–≤—Ç–æ–Ω–æ–º–Ω–æ–µ –æ–±—Ä
                                                  –∞–∑–æ–≤–∞—Ç–µ–ª—å–Ω–æ–µ\\
You may provide a definition with
\DeclareUnicodeCharacter 


! Package inputenc Error: Unicode character –∞ (U+0430)
(inputenc)                not set up for use with LaTeX.

See the inputenc package documentation for explanation.
Type  H <return>  for immediate help.
 ...                                              
                                                  
l.15 ...–≤–µ–Ω–Ω–æ–µ –∞–≤—Ç–æ–Ω–æ–º–Ω–æ–µ –æ–±—Ä–∞
                                                  –∑–æ–≤–∞—Ç–µ–ª—å–Ω–æ–µ\\
You may provide a definition with
\DeclareUnicodeCharacter 


! Package inputenc Error: Unicode character –∑ (U+0437)
(inputenc)                not set up for use with LaTeX.

See the inputenc package documentation for explanation.
Type  H <return>  for immediate help.
 ...                                              
                                                  
l.15 ...–µ–Ω–Ω–æ–µ –∞–≤—Ç–æ–Ω–æ–º–Ω–æ–µ –æ–±—Ä–∞–∑
                                                  –æ–≤–∞—Ç–µ–ª—å–Ω–æ–µ\\
You may provide a definition with
\DeclareUnicodeCharacter 


! Package inputenc Error: Unicode character –æ (U+043E)
(inputenc)                not set up for use with LaTeX.

See the inputenc package documentation for explanation.
Type  H <return>  for immediate help.
 ...                                              
                                                  
l.15 ...–Ω–Ω–æ–µ –∞–≤—Ç–æ–Ω–æ–º–Ω–æ–µ –æ–±—Ä–∞–∑–æ
                                                  –≤–∞—Ç–µ–ª—å–Ω–æ–µ\\
You may provide a definition with
\DeclareUnicodeCharacter 


! Package inputenc Error: Unicode character –≤ (U+0432)
(inputenc)                not set up for use with LaTeX.

See the inputenc package documentation for explanation.
Type  H <return>  for immediate help.
 ...                                              
                                                  
l.15 ...–Ω–æ–µ –∞–≤—Ç–æ–Ω–æ–º–Ω–æ–µ –æ–±—Ä–∞–∑–æ–≤
                                                  –∞—Ç–µ–ª—å–Ω–æ–µ\\
You may provide a definition with
\DeclareUnicodeCharacter 


! Package inputenc Error: Unicode character –∞ (U+0430)
(inputenc)                not set up for use with LaTeX.

See the inputenc package documentation for explanation.
Type  H <return>  for immediate help.
 ...                                              
                                                  
l.15 ...–æ–µ –∞–≤—Ç–æ–Ω–æ–º–Ω–æ–µ –æ–±—Ä–∞–∑–æ–≤–∞
                                                  —Ç–µ–ª—å–Ω–æ–µ\\
You may provide a definition with
\DeclareUnicodeCharacter 


! Package inputenc Error: Unicode character —Ç (U+0442)
(inputenc)                not set up for use with LaTeX.

See the inputenc package documentation for explanation.
Type  H <return>  for immediate help.
 ...                                              
                                                  
l.15 ...–µ –∞–≤—Ç–æ–Ω–æ–º–Ω–æ–µ –æ–±—Ä–∞–∑–æ–≤–∞—Ç
                                                  –µ–ª—å–Ω–æ–µ\\
You may provide a definition with
\DeclareUnicodeCharacter 


! Package inputenc Error: Unicode character –µ (U+0435)
(inputenc)                not set up for use with LaTeX.

See the inputenc package documentation for explanation.
Type  H <return>  for immediate help.
 ...                                              
                                                  
l.15 ... –∞–≤—Ç–æ–Ω–æ–º–Ω–æ–µ –æ–±—Ä–∞–∑–æ–≤–∞—Ç–µ
                                                  –ª—å–Ω–æ–µ\\
You may provide a definition with
\DeclareUnicodeCharacter 


! Package inputenc Error: Unicode character –ª (U+043B)
(inputenc)                not set up for use with LaTeX.

See the inputenc package documentation for explanation.
Type  H <return>  for immediate help.
 ...                                              
                                                  
l.15 ...∞–≤—Ç–æ–Ω–æ–º–Ω–æ–µ –æ–±—Ä–∞–∑–æ–≤–∞—Ç–µ–ª
                                                  —å–Ω–æ–µ\\
You may provide a definition with
\DeclareUnicodeCharacter 


! Package inputenc Error: Unicode character —å (U+044C)
(inputenc)                not set up for use with LaTeX.

See the inputenc package documentation for explanation.
Type  H <return>  for immediate help.
 ...                                              
                                                  
l.15 ...≤—Ç–æ–Ω–æ–º–Ω–æ–µ –æ–±—Ä–∞–∑–æ–≤–∞—Ç–µ–ª—å
                                                  –Ω–æ–µ\\
You may provide a definition with
\DeclareUnicodeCharacter 


! Package inputenc Error: Unicode character –Ω (U+043D)
(inputenc)                not set up for use with LaTeX.

See the inputenc package documentation for explanation.
Type  H <return>  for immediate help.
 ...                                              
                                                  
l.15 ...Ç–æ–Ω–æ–º–Ω–æ–µ –æ–±—Ä–∞–∑–æ–≤–∞—Ç–µ–ª—å–Ω
                                                  –æ–µ\\
You may provide a definition with
\DeclareUnicodeCharacter 


! Package inputenc Error: Unicode character –æ (U+043E)
(inputenc)                not set up for use with LaTeX.

See the inputenc package documentation for explanation.
Type  H <return>  for immediate help.
 ...                                              
                                                  
l.15 ...æ–Ω–æ–º–Ω–æ–µ –æ–±—Ä–∞–∑–æ–≤–∞—Ç–µ–ª—å–Ω–æ
                                                  –µ\\
You may provide a definition with
\DeclareUnicodeCharacter 


! Package inputenc Error: Unicode character –µ (U+0435)
(inputenc)                not set up for use with LaTeX.

See the inputenc package documentation for explanation.
Type  H <return>  for immediate help.
 ...                                              
                                                  
l.15 ...Ω–æ–º–Ω–æ–µ –æ–±—Ä–∞–∑–æ–≤–∞—Ç–µ–ª—å–Ω–æ–µ
                                                  \\
You may provide a definition with
\DeclareUnicodeCharacter 


! LaTeX Error: There's no line here to end.

See the LaTeX manual or LaTeX Companion for explanation.
Type  H <return>  for immediate help.
 ...                                              
                                                  
l.15 ...æ–º–Ω–æ–µ –æ–±—Ä–∞–∑–æ–≤–∞—Ç–µ–ª—å–Ω–æ–µ\\
                                                  
Your command was ignored.
Type  I <command> <return>  to replace it with another command,
or  <return>  to continue without it.


! Package inputenc Error: Unicode character —É (U+0443)
(inputenc)                not set up for use with LaTeX.

See the inputenc package documentation for explanation.
Type  H <return>  for immediate help.
 ...                                              
                                                  
l.16 —É
       —á—Ä–µ–∂–¥–µ–Ω–∏–µ –≤—ã—Å—à–µ–≥–æ –æ–±—Ä–∞–∑–æ–≤–∞–Ω–∏—è\\
You may provide a definition with
\DeclareUnicodeCharacter 


! Package inputenc Error: Unicode character —á (U+0447)
(inputenc)                not set up for use with LaTeX.

See the inputenc package documentation for explanation.
Type  H <return>  for immediate help.
 ...                                              
                                                  
l.16 —É—á
         —Ä–µ–∂–¥–µ–Ω–∏–µ –≤—ã—Å—à–µ–≥–æ –æ–±—Ä–∞–∑–æ–≤–∞–Ω–∏—è\\
You may provide a definition with
\DeclareUnicodeCharacter 


! Package inputenc Error: Unicode character —Ä (U+0440)
(inputenc)                not set up for use with LaTeX.

See the inputenc package documentation for explanation.
Type  H <return>  for immediate help.
 ...                                              
                                                  
l.16 —É—á—Ä
           –µ–∂–¥–µ–Ω–∏–µ –≤—ã—Å—à–µ–≥–æ –æ–±—Ä–∞–∑–æ–≤–∞–Ω–∏—è\\
You may provide a definition with
\DeclareUnicodeCharacter 


! Package inputenc Error: Unicode character –µ (U+0435)
(inputenc)                not set up for use with LaTeX.

See the inputenc package documentation for explanation.
Type  H <return>  for immediate help.
 ...                                              
                                                  
l.16 —É—á—Ä–µ
             –∂–¥–µ–Ω–∏–µ –≤—ã—Å—à–µ–≥–æ –æ–±—Ä–∞–∑–æ–≤–∞–Ω–∏—è\\
You may provide a definition with
\DeclareUnicodeCharacter 


! Package inputenc Error: Unicode character –∂ (U+0436)
(inputenc)                not set up for use with LaTeX.

See the inputenc package documentation for explanation.
Type  H <return>  for immediate help.
 ...                                              
                                                  
l.16 —É—á—Ä–µ–∂
               –¥–µ–Ω–∏–µ –≤—ã—Å—à–µ–≥–æ –æ–±—Ä–∞–∑–æ–≤–∞–Ω–∏—è\\
You may provide a definition with
\DeclareUnicodeCharacter 


! Package inputenc Error: Unicode character –¥ (U+0434)
(inputenc)                not set up for use with LaTeX.

See the inputenc package documentation for explanation.
Type  H <return>  for immediate help.
 ...                                              
                                                  
l.16 —É—á—Ä–µ–∂–¥
                 –µ–Ω–∏–µ –≤—ã—Å—à–µ–≥–æ –æ–±—Ä–∞–∑–æ–≤–∞–Ω–∏—è\\
You may provide a definition with
\DeclareUnicodeCharacter 


! Package inputenc Error: Unicode character –µ (U+0435)
(inputenc)                not set up for use with LaTeX.

See the inputenc package documentation for explanation.
Type  H <return>  for immediate help.
 ...                                              
                                                  
l.16 —É—á—Ä–µ–∂–¥–µ
                   –Ω–∏–µ –≤—ã—Å—à–µ–≥–æ –æ–±—Ä–∞–∑–æ–≤–∞–Ω–∏—è\\
You may provide a definition with
\DeclareUnicodeCharacter 


! Package inputenc Error: Unicode character –Ω (U+043D)
(inputenc)                not set up for use with LaTeX.

See the inputenc package documentation for explanation.
Type  H <return>  for immediate help.
 ...                                              
                                                  
l.16 —É—á—Ä–µ–∂–¥–µ–Ω
                     –∏–µ –≤—ã—Å—à–µ–≥–æ –æ–±—Ä–∞–∑–æ–≤–∞–Ω–∏—è\\
You may provide a definition with
\DeclareUnicodeCharacter 


! Package inputenc Error: Unicode character –∏ (U+0438)
(inputenc)                not set up for use with LaTeX.

See the inputenc package documentation for explanation.
Type  H <return>  for immediate help.
 ...                                              
                                                  
l.16 —É—á—Ä–µ–∂–¥–µ–Ω–∏
                       –µ –≤—ã—Å—à–µ–≥–æ –æ–±—Ä–∞–∑–æ–≤–∞–Ω–∏—è\\
You may provide a definition with
\DeclareUnicodeCharacter 


! Package inputenc Error: Unicode character –µ (U+0435)
(inputenc)                not set up for use with LaTeX.

See the inputenc package documentation for explanation.
Type  H <return>  for immediate help.
 ...                                              
                                                  
l.16 —É—á—Ä–µ–∂–¥–µ–Ω–∏–µ
                          –≤—ã—Å—à–µ–≥–æ –æ–±—Ä–∞–∑–æ–≤–∞–Ω–∏—è\\
You may provide a definition with
\DeclareUnicodeCharacter 


! Package inputenc Error: Unicode character –≤ (U+0432)
(inputenc)                not set up for use with LaTeX.

See the inputenc package documentation for explanation.
Type  H <return>  for immediate help.
 ...                                              
                                                  
l.16 —É—á—Ä–µ–∂–¥–µ–Ω–∏–µ –≤
                            —ã—Å—à–µ–≥–æ –æ–±—Ä–∞–∑–æ–≤–∞–Ω–∏—è\\
You may provide a definition with
\DeclareUnicodeCharacter 


! Package inputenc Error: Unicode character —ã (U+044B)
(inputenc)                not set up for use with LaTeX.

See the inputenc package documentation for explanation.
Type  H <return>  for immediate help.
 ...                                              
                                                  
l.16 —É—á—Ä–µ–∂–¥–µ–Ω–∏–µ –≤—ã
                              —Å—à–µ–≥–æ –æ–±—Ä–∞–∑–æ–≤–∞–Ω–∏—è\\
You may provide a definition with
\DeclareUnicodeCharacter 


! Package inputenc Error: Unicode character —Å (U+0441)
(inputenc)                not set up for use with LaTeX.

See the inputenc package documentation for explanation.
Type  H <return>  for immediate help.
 ...                                              
                                                  
l.16 —É—á—Ä–µ–∂–¥–µ–Ω–∏–µ –≤—ã—Å
                                —à–µ–≥–æ –æ–±—Ä–∞–∑–æ–≤–∞–Ω–∏—è\\
You may provide a definition with
\DeclareUnicodeCharacter 


! Package inputenc Error: Unicode character —à (U+0448)
(inputenc)                not set up for use with LaTeX.

See the inputenc package documentation for explanation.
Type  H <return>  for immediate help.
 ...                                              
                                                  
l.16 —É—á—Ä–µ–∂–¥–µ–Ω–∏–µ –≤—ã—Å—à
                                  –µ–≥–æ –æ–±—Ä–∞–∑–æ–≤–∞–Ω–∏—è\\
You may provide a definition with
\DeclareUnicodeCharacter 


! Package inputenc Error: Unicode character –µ (U+0435)
(inputenc)                not set up for use with LaTeX.

See the inputenc package documentation for explanation.
Type  H <return>  for immediate help.
 ...                                              
                                                  
l.16 —É—á—Ä–µ–∂–¥–µ–Ω–∏–µ –≤—ã—Å—à–µ
                                    –≥–æ –æ–±—Ä–∞–∑–æ–≤–∞–Ω–∏—è\\
You may provide a definition with
\DeclareUnicodeCharacter 


! Package inputenc Error: Unicode character –≥ (U+0433)
(inputenc)                not set up for use with LaTeX.

See the inputenc package documentation for explanation.
Type  H <return>  for immediate help.
 ...                                              
                                                  
l.16 —É—á—Ä–µ–∂–¥–µ–Ω–∏–µ –≤—ã—Å—à–µ–≥
                                      –æ –æ–±—Ä–∞–∑–æ–≤–∞–Ω–∏—è\\
You may provide a definition with
\DeclareUnicodeCharacter 


! Package inputenc Error: Unicode character –æ (U+043E)
(inputenc)                not set up for use with LaTeX.

See the inputenc package documentation for explanation.
Type  H <return>  for immediate help.
 ...                                              
                                                  
l.16 —É—á—Ä–µ–∂–¥–µ–Ω–∏–µ –≤—ã—Å—à–µ–≥–æ
                                         –æ–±—Ä–∞–∑–æ–≤–∞–Ω–∏—è\\
You may provide a definition with
\DeclareUnicodeCharacter 


! Package inputenc Error: Unicode character –æ (U+043E)
(inputenc)                not set up for use with LaTeX.

See the inputenc package documentation for explanation.
Type  H <return>  for immediate help.
 ...                                              
                                                  
l.16 —É—á—Ä–µ–∂–¥–µ–Ω–∏–µ –≤—ã—Å—à–µ–≥–æ –æ
                                           –±—Ä–∞–∑–æ–≤–∞–Ω–∏—è\\
You may provide a definition with
\DeclareUnicodeCharacter 


! Package inputenc Error: Unicode character –± (U+0431)
(inputenc)                not set up for use with LaTeX.

See the inputenc package documentation for explanation.
Type  H <return>  for immediate help.
 ...                                              
                                                  
l.16 —É—á—Ä–µ–∂–¥–µ–Ω–∏–µ –≤—ã—Å—à–µ–≥–æ –æ–±
                                             —Ä–∞–∑–æ–≤–∞–Ω–∏—è\\
You may provide a definition with
\DeclareUnicodeCharacter 


! Package inputenc Error: Unicode character —Ä (U+0440)
(inputenc)                not set up for use with LaTeX.

See the inputenc package documentation for explanation.
Type  H <return>  for immediate help.
 ...                                              
                                                  
l.16 —É—á—Ä–µ–∂–¥–µ–Ω–∏–µ –≤—ã—Å—à–µ–≥–æ –æ–±—Ä
                                               –∞–∑–æ–≤–∞–Ω–∏—è\\
You may provide a definition with
\DeclareUnicodeCharacter 


! Package inputenc Error: Unicode character –∞ (U+0430)
(inputenc)                not set up for use with LaTeX.

See the inputenc package documentation for explanation.
Type  H <return>  for immediate help.
 ...                                              
                                                  
l.16 —É—á—Ä–µ–∂–¥–µ–Ω–∏–µ –≤—ã—Å—à–µ–≥–æ –æ–±—Ä–∞
                                                 –∑–æ–≤–∞–Ω–∏—è\\
You may provide a definition with
\DeclareUnicodeCharacter 


! Package inputenc Error: Unicode character –∑ (U+0437)
(inputenc)                not set up for use with LaTeX.

See the inputenc package documentation for explanation.
Type  H <return>  for immediate help.
 ...                                              
                                                  
l.16 ...—Ä–µ–∂–¥–µ–Ω–∏–µ –≤—ã—Å—à–µ–≥–æ –æ–±—Ä–∞–∑
                                                  –æ–≤–∞–Ω–∏—è\\
You may provide a definition with
\DeclareUnicodeCharacter 


! Package inputenc Error: Unicode character –æ (U+043E)
(inputenc)                not set up for use with LaTeX.

See the inputenc package documentation for explanation.
Type  H <return>  for immediate help.
 ...                                              
                                                  
l.16 ...–µ–∂–¥–µ–Ω–∏–µ –≤—ã—Å—à–µ–≥–æ –æ–±—Ä–∞–∑–æ
                                                  –≤–∞–Ω–∏—è\\
You may provide a definition with
\DeclareUnicodeCharacter 


! Package inputenc Error: Unicode character –≤ (U+0432)
(inputenc)                not set up for use with LaTeX.

See the inputenc package documentation for explanation.
Type  H <return>  for immediate help.
 ...                                              
                                                  
l.16 ...–∂–¥–µ–Ω–∏–µ –≤—ã—Å—à–µ–≥–æ –æ–±—Ä–∞–∑–æ–≤
                                                  –∞–Ω–∏—è\\
You may provide a definition with
\DeclareUnicodeCharacter 


! Package inputenc Error: Unicode character –∞ (U+0430)
(inputenc)                not set up for use with LaTeX.

See the inputenc package documentation for explanation.
Type  H <return>  for immediate help.
 ...                                              
                                                  
l.16 ...–¥–µ–Ω–∏–µ –≤—ã—Å—à–µ–≥–æ –æ–±—Ä–∞–∑–æ–≤–∞
                                                  –Ω–∏—è\\
You may provide a definition with
\DeclareUnicodeCharacter 


! Package inputenc Error: Unicode character –Ω (U+043D)
(inputenc)                not set up for use with LaTeX.

See the inputenc package documentation for explanation.
Type  H <return>  for immediate help.
 ...                                              
                                                  
l.16 ...–µ–Ω–∏–µ –≤—ã—Å—à–µ–≥–æ –æ–±—Ä–∞–∑–æ–≤–∞–Ω
                                                  –∏—è\\
You may provide a definition with
\DeclareUnicodeCharacter 


! Package inputenc Error: Unicode character –∏ (U+0438)
(inputenc)                not set up for use with LaTeX.

See the inputenc package documentation for explanation.
Type  H <return>  for immediate help.
 ...                                              
                                                  
l.16 ...–Ω–∏–µ –≤—ã—Å—à–µ–≥–æ –æ–±—Ä–∞–∑–æ–≤–∞–Ω–∏
                                                  —è\\
You may provide a definition with
\DeclareUnicodeCharacter 


! Package inputenc Error: Unicode character —è (U+044F)
(inputenc)                not set up for use with LaTeX.

See the inputenc package documentation for explanation.
Type  H <return>  for immediate help.
 ...                                              
                                                  
l.16 ...–∏–µ –≤—ã—Å—à–µ–≥–æ –æ–±—Ä–∞–∑–æ–≤–∞–Ω–∏—è
                                                  \\
You may provide a definition with
\DeclareUnicodeCharacter 


! LaTeX Error: There's no line here to end.

See the LaTeX manual or LaTeX Companion for explanation.
Type  H <return>  for immediate help.
 ...                                              
                                                  
l.16 ...–µ –≤—ã—Å—à–µ–≥–æ –æ–±—Ä–∞–∑–æ–≤–∞–Ω–∏—è\\
                                                  
Your command was ignored.
Type  I <command> <return>  to replace it with another command,
or  <return>  to continue without it.

Missing character: There is no < in font nullfont!
Missing character: There is no < in font nullfont!

! Package inputenc Error: Unicode character –Æ (U+042E)
(inputenc)                not set up for use with LaTeX.

See the inputenc package documentation for explanation.
Type  H <return>  for immediate help.
 ...                                              
                                                  
l.17 <<–Æ
         –∂–Ω—ã–π —Ñ–µ–¥–µ—Ä–∞–ª—å–Ω—ã–π —É–Ω–∏–≤–µ—Ä—Å–∏—Ç–µ—Ç>>
(That makes 100 errors; please try again.) 
Here is how much of TeX's memory you used:
 40 strings out of 492617
 505 string characters out of 6129507
 57240 words of memory out of 5000000
 4059 multiletter control sequences out of 15000+600000
 3640 words of font info for 14 fonts, out of 8000000 for 9000
 1141 hyphenation exceptions out of 8191
 10i,1n,10p,244b,101s stack positions out of 5000i,500n,10000p,200000b,80000s

No pages of output.
